2024-07-06 14:10:36,769 - httpx - INFO - HTTP Request: POST http://localhost:8001/upload/ "HTTP/1.1 200 OK"
2024-07-06 14:11:59,120 - httpx - INFO - HTTP Request: POST http://localhost:8001/upload/ "HTTP/1.1 200 OK"
2024-07-06 14:12:15,353 - httpx - INFO - HTTP Request: POST http://localhost:8001/upload/ "HTTP/1.1 200 OK"
2024-07-06 14:12:32,622 - httpx - INFO - HTTP Request: POST http://localhost:8001/upload/ "HTTP/1.1 200 OK"
2024-07-06 14:12:55,396 - httpx - INFO - HTTP Request: POST http://localhost:8001/upload/ "HTTP/1.1 200 OK"
2024-07-06 14:35:03,173 - httpx - INFO - HTTP Request: POST http://localhost:8001/upload/ "HTTP/1.1 200 OK"
2024-07-06 14:35:44,280 - httpx - INFO - HTTP Request: POST http://localhost:8001/upload/ "HTTP/1.1 200 OK"
2024-07-06 14:36:00,212 - httpx - INFO - HTTP Request: POST http://localhost:8001/upload/ "HTTP/1.1 200 OK"
2024-07-06 14:36:10,515 - httpx - INFO - HTTP Request: POST http://localhost:8001/upload/ "HTTP/1.1 200 OK"
2024-07-06 14:36:46,074 - httpx - INFO - HTTP Request: POST http://localhost:8001/upload/ "HTTP/1.1 200 OK"
2024-07-06 14:39:05,639 - httpx - INFO - HTTP Request: POST http://localhost:8001/upload/ "HTTP/1.1 200 OK"
2024-07-06 14:39:30,726 - httpx - INFO - HTTP Request: DELETE http://localhost:8001/delete/5a38dc68-ded2-4dcd-a48f-028565fb57f3_game.py "HTTP/1.1 200 OK"
2024-07-06 14:43:53,345 - httpx - INFO - HTTP Request: POST http://localhost:8001/upload/ "HTTP/1.1 200 OK"
2024-07-06 14:43:57,156 - httpx - INFO - HTTP Request: POST http://localhost:8001/upload/ "HTTP/1.1 200 OK"
2024-07-06 14:44:01,496 - httpx - INFO - HTTP Request: POST http://localhost:8001/upload/ "HTTP/1.1 200 OK"
2024-07-06 14:44:20,586 - httpx - INFO - HTTP Request: POST http://localhost:8001/upload/ "HTTP/1.1 200 OK"
2024-07-06 14:44:21,818 - httpx - INFO - HTTP Request: POST http://localhost:8001/upload/ "HTTP/1.1 200 OK"
2024-07-06 14:44:22,662 - httpx - INFO - HTTP Request: POST http://localhost:8001/upload/ "HTTP/1.1 200 OK"
2024-07-06 14:44:23,638 - httpx - INFO - HTTP Request: POST http://localhost:8001/upload/ "HTTP/1.1 200 OK"
2024-07-06 14:44:24,241 - httpx - INFO - HTTP Request: POST http://localhost:8001/upload/ "HTTP/1.1 200 OK"
2024-07-06 14:44:24,863 - httpx - INFO - HTTP Request: POST http://localhost:8001/upload/ "HTTP/1.1 200 OK"
2024-07-06 14:44:25,408 - httpx - INFO - HTTP Request: POST http://localhost:8001/upload/ "HTTP/1.1 200 OK"
2024-07-06 14:44:25,952 - httpx - INFO - HTTP Request: POST http://localhost:8001/upload/ "HTTP/1.1 200 OK"
2024-07-06 14:44:26,496 - httpx - INFO - HTTP Request: POST http://localhost:8001/upload/ "HTTP/1.1 200 OK"
2024-07-06 14:44:26,995 - httpx - INFO - HTTP Request: POST http://localhost:8001/upload/ "HTTP/1.1 200 OK"
2024-07-06 14:44:27,491 - httpx - INFO - HTTP Request: POST http://localhost:8001/upload/ "HTTP/1.1 200 OK"
2024-07-06 14:44:28,128 - httpx - INFO - HTTP Request: POST http://localhost:8001/upload/ "HTTP/1.1 200 OK"
2024-07-06 14:44:28,646 - httpx - INFO - HTTP Request: POST http://localhost:8001/upload/ "HTTP/1.1 200 OK"
2024-07-06 14:55:10,588 - httpx - INFO - HTTP Request: POST http://localhost:8001/upload/ "HTTP/1.1 200 OK"
2024-07-06 14:56:01,109 - httpx - INFO - HTTP Request: POST http://localhost:8001/upload/ "HTTP/1.1 200 OK"
2024-07-06 15:10:30,185 - httpx - INFO - HTTP Request: DELETE http://localhost:8001/delete/5e7478de-1646-4162-817e-623f7344b1c9_game.py "HTTP/1.1 200 OK"
2024-07-06 15:14:58,954 - httpx - INFO - HTTP Request: POST http://localhost:8001/upload/ "HTTP/1.1 200 OK"
2024-07-06 15:15:11,618 - httpx - INFO - HTTP Request: DELETE http://localhost:8001/delete/b3d55edc-d8ce-409a-840e-e53a78e2fbd8_game.py "HTTP/1.1 200 OK"
2024-07-06 15:16:48,332 - httpx - INFO - HTTP Request: POST http://localhost:8001/upload/ "HTTP/1.1 200 OK"
2024-07-06 15:17:04,065 - httpx - INFO - HTTP Request: POST http://localhost:8001/update/ "HTTP/1.1 404 Not Found"
2024-07-06 15:19:23,954 - httpx - INFO - HTTP Request: POST http://localhost:8001/update/ "HTTP/1.1 200 OK"
2024-07-06 15:25:06,351 - httpx - INFO - HTTP Request: POST http://localhost:8001/upload/ "HTTP/1.1 200 OK"
2024-07-06 15:25:43,243 - httpx - INFO - HTTP Request: DELETE http://localhost:8001/delete/401ff266-e6d9-42b0-aff8-912303f50f42_%D0%A1%D0%BD%D0%B8%D0%BC%D0%BE%D0%BA%20%D1%8D%D0%BA%D1%80%D0%B0%D0%BD%D0%B0%20%D0%BE%D1%82%202024-07-04%2022-11-31.png "HTTP/1.1 200 OK"
2024-07-06 15:25:43,813 - httpx - INFO - HTTP Request: POST http://localhost:8001/upload/ "HTTP/1.1 200 OK"
2024-07-06 15:26:21,480 - httpx - INFO - HTTP Request: POST http://localhost:8001/upload/ "HTTP/1.1 200 OK"
2024-07-06 15:26:55,632 - httpx - INFO - HTTP Request: DELETE http://localhost:8001/delete/c4e79b17-f48e-467d-bd39-cf8dd08caab8_game.py "HTTP/1.1 200 OK"
2024-07-06 15:26:56,152 - httpx - INFO - HTTP Request: POST http://localhost:8001/upload/ "HTTP/1.1 200 OK"
2024-07-06 15:35:47,435 - httpx - INFO - HTTP Request: DELETE http://localhost:8001/delete/b800f983-9c66-42b2-b9a7-1400c1cfb165_ca.png "HTTP/1.1 200 OK"
2024-07-06 15:35:47,820 - httpx - INFO - HTTP Request: POST http://localhost:8001/upload/ "HTTP/1.1 200 OK"
2024-07-06 15:35:57,658 - httpx - INFO - HTTP Request: DELETE http://localhost:8001/delete/18cadfd4-c93f-456c-880d-9ef5463b32a9_game.py "HTTP/1.1 200 OK"
2024-07-06 15:36:13,180 - httpx - INFO - HTTP Request: POST http://localhost:8001/upload/ "HTTP/1.1 200 OK"
2024-07-06 19:51:25,172 - httpx - INFO - HTTP Request: POST http://test/memes/ "HTTP/1.1 400 Bad Request"
2024-07-06 19:51:25,237 - httpx - INFO - HTTP Request: POST http://test/memes/ "HTTP/1.1 400 Bad Request"
2024-07-06 19:51:53,246 - httpx - INFO - HTTP Request: POST http://test/memes/ "HTTP/1.1 400 Bad Request"
2024-07-06 19:51:53,302 - httpx - INFO - HTTP Request: POST http://test/memes/ "HTTP/1.1 400 Bad Request"
2024-07-06 19:52:12,121 - httpx - INFO - HTTP Request: POST http://test/memes/ "HTTP/1.1 400 Bad Request"
2024-07-06 19:52:12,175 - httpx - INFO - HTTP Request: POST http://test/memes/ "HTTP/1.1 400 Bad Request"
2024-07-06 19:54:06,959 - httpx - INFO - HTTP Request: POST http://test/memes/ "HTTP/1.1 400 Bad Request"
2024-07-06 19:54:07,014 - httpx - INFO - HTTP Request: POST http://test/memes/ "HTTP/1.1 400 Bad Request"
2024-07-06 19:56:16,235 - httpx - INFO - HTTP Request: POST http://localhost:8001/upload/ "HTTP/1.1 200 OK"
2024-07-06 19:58:14,510 - httpx - INFO - HTTP Request: POST http://test/memes/ "HTTP/1.1 400 Bad Request"
2024-07-06 19:58:14,567 - httpx - INFO - HTTP Request: POST http://test/memes/ "HTTP/1.1 400 Bad Request"
2024-07-06 20:00:05,296 - httpx - INFO - HTTP Request: POST http://localhost:8001/upload/ "HTTP/1.1 200 OK"
2024-07-06 20:00:06,012 - httpx - INFO - HTTP Request: POST http://localhost:8001/upload/ "HTTP/1.1 200 OK"
2024-07-06 20:01:59,221 - httpx - INFO - HTTP Request: POST http://localhost:8001/upload/ "HTTP/1.1 200 OK"
2024-07-06 20:01:59,946 - httpx - INFO - HTTP Request: POST http://localhost:8001/upload/ "HTTP/1.1 200 OK"
2024-07-06 20:04:31,415 - httpx - INFO - HTTP Request: POST http://localhost:8001/upload/ "HTTP/1.1 200 OK"
2024-07-06 20:04:31,530 - httpx - INFO - HTTP Request: POST http://test/memes/ "HTTP/1.1 200 OK"
2024-07-06 20:04:31,958 - httpx - INFO - HTTP Request: POST http://localhost:8001/upload/ "HTTP/1.1 200 OK"
2024-07-06 20:04:32,064 - httpx - INFO - HTTP Request: POST http://test/memes/ "HTTP/1.1 200 OK"
2024-07-06 20:04:56,000 - httpx - INFO - HTTP Request: POST http://localhost:8001/upload/ "HTTP/1.1 200 OK"
2024-07-06 20:04:56,113 - httpx - INFO - HTTP Request: POST http://test/memes/ "HTTP/1.1 200 OK"
2024-07-06 20:04:56,526 - httpx - INFO - HTTP Request: POST http://localhost:8001/upload/ "HTTP/1.1 200 OK"
2024-07-06 20:04:56,643 - httpx - INFO - HTTP Request: POST http://test/memes/ "HTTP/1.1 200 OK"
2024-07-06 20:05:36,877 - httpx - INFO - HTTP Request: POST http://localhost:8001/upload/ "HTTP/1.1 200 OK"
2024-07-06 20:05:36,992 - httpx - INFO - HTTP Request: POST http://test/memes/ "HTTP/1.1 200 OK"
2024-07-06 20:05:37,399 - httpx - INFO - HTTP Request: POST http://localhost:8001/upload/ "HTTP/1.1 200 OK"
2024-07-06 20:05:37,515 - httpx - INFO - HTTP Request: POST http://test/memes/ "HTTP/1.1 200 OK"
2024-07-06 20:05:48,480 - httpx - INFO - HTTP Request: POST http://localhost:8001/upload/ "HTTP/1.1 200 OK"
2024-07-06 20:05:48,592 - httpx - INFO - HTTP Request: POST http://test/memes/ "HTTP/1.1 200 OK"
2024-07-06 20:05:49,021 - httpx - INFO - HTTP Request: POST http://localhost:8001/upload/ "HTTP/1.1 200 OK"
2024-07-06 20:05:49,130 - httpx - INFO - HTTP Request: POST http://test/memes/ "HTTP/1.1 200 OK"
2024-07-06 20:06:25,255 - httpx - INFO - HTTP Request: POST http://localhost:8001/upload/ "HTTP/1.1 200 OK"
2024-07-06 20:06:25,368 - httpx - INFO - HTTP Request: POST http://test/memes/ "HTTP/1.1 200 OK"
2024-07-06 20:06:25,819 - httpx - INFO - HTTP Request: POST http://localhost:8001/upload/ "HTTP/1.1 200 OK"
2024-07-06 20:06:25,931 - httpx - INFO - HTTP Request: POST http://test/memes/ "HTTP/1.1 200 OK"
2024-07-06 20:06:37,466 - httpx - INFO - HTTP Request: POST http://localhost:8001/upload/ "HTTP/1.1 200 OK"
2024-07-06 20:06:37,587 - httpx - INFO - HTTP Request: POST http://test/memes/ "HTTP/1.1 200 OK"
2024-07-06 20:06:37,976 - httpx - INFO - HTTP Request: POST http://localhost:8001/upload/ "HTTP/1.1 200 OK"
2024-07-06 20:06:38,090 - httpx - INFO - HTTP Request: POST http://test/memes/ "HTTP/1.1 200 OK"
2024-07-06 20:07:50,018 - httpx - INFO - HTTP Request: POST http://localhost:8001/upload/ "HTTP/1.1 200 OK"
2024-07-06 20:07:50,147 - httpx - INFO - HTTP Request: POST http://test/memes/ "HTTP/1.1 200 OK"
2024-07-06 20:07:50,504 - httpx - INFO - HTTP Request: POST http://localhost:8001/upload/ "HTTP/1.1 200 OK"
2024-07-06 20:07:50,629 - httpx - INFO - HTTP Request: POST http://test/memes/ "HTTP/1.1 200 OK"
2024-07-06 20:08:16,932 - httpx - INFO - HTTP Request: POST http://localhost:8001/upload/ "HTTP/1.1 200 OK"
2024-07-06 20:08:17,045 - httpx - INFO - HTTP Request: POST http://test/memes/ "HTTP/1.1 200 OK"
2024-07-06 20:08:17,434 - httpx - INFO - HTTP Request: POST http://localhost:8001/upload/ "HTTP/1.1 200 OK"
2024-07-06 20:08:17,544 - httpx - INFO - HTTP Request: POST http://test/memes/ "HTTP/1.1 200 OK"
2024-07-06 20:08:46,982 - httpx - INFO - HTTP Request: POST http://localhost:8001/upload/ "HTTP/1.1 200 OK"
2024-07-06 20:08:47,105 - httpx - INFO - HTTP Request: POST http://test/memes/ "HTTP/1.1 200 OK"
2024-07-06 20:08:47,463 - httpx - INFO - HTTP Request: POST http://localhost:8001/upload/ "HTTP/1.1 200 OK"
2024-07-06 20:08:47,588 - httpx - INFO - HTTP Request: POST http://test/memes/ "HTTP/1.1 200 OK"
2024-07-06 20:11:45,721 - httpx - INFO - HTTP Request: POST http://localhost:8001/upload/ "HTTP/1.1 200 OK"
2024-07-06 20:11:45,841 - httpx - INFO - HTTP Request: POST http://test/memes/ "HTTP/1.1 200 OK"
2024-07-06 20:15:10,177 - httpx - INFO - HTTP Request: POST http://localhost:8001/upload/ "HTTP/1.1 200 OK"
2024-07-06 20:15:10,304 - httpx - INFO - HTTP Request: POST http://test/memes/ "HTTP/1.1 200 OK"
2024-07-06 20:17:22,036 - httpx - INFO - HTTP Request: POST http://localhost:8001/upload/ "HTTP/1.1 200 OK"
2024-07-06 20:17:22,155 - httpx - INFO - HTTP Request: POST http://test/memes/ "HTTP/1.1 200 OK"
2024-07-06 21:10:22,502 - httpx - INFO - HTTP Request: POST http://localhost:8001/upload/ "HTTP/1.1 200 OK"
2024-07-06 21:10:22,631 - httpx - INFO - HTTP Request: POST http://test/memes/ "HTTP/1.1 200 OK"
2024-07-06 21:10:35,255 - httpx - INFO - HTTP Request: POST http://localhost:8001/upload/ "HTTP/1.1 200 OK"
2024-07-06 21:10:35,371 - httpx - INFO - HTTP Request: POST http://test/memes/ "HTTP/1.1 200 OK"
2024-07-06 21:11:17,580 - httpx - INFO - HTTP Request: POST http://localhost:8001/upload/ "HTTP/1.1 200 OK"
2024-07-06 21:11:17,703 - httpx - INFO - HTTP Request: POST http://test/memes/ "HTTP/1.1 200 OK"
2024-07-06 21:11:32,560 - httpx - INFO - HTTP Request: POST http://localhost:8001/upload/ "HTTP/1.1 200 OK"
2024-07-06 21:11:32,673 - httpx - INFO - HTTP Request: POST http://test/memes/ "HTTP/1.1 200 OK"
2024-07-06 21:12:28,567 - httpx - INFO - HTTP Request: POST http://localhost:8001/upload/ "HTTP/1.1 200 OK"
2024-07-06 21:12:28,690 - httpx - INFO - HTTP Request: POST http://test/memes/ "HTTP/1.1 200 OK"
2024-07-06 21:12:48,173 - httpx - INFO - HTTP Request: POST http://localhost:8001/upload/ "HTTP/1.1 200 OK"
2024-07-06 21:12:48,290 - httpx - INFO - HTTP Request: POST http://test/memes/ "HTTP/1.1 200 OK"
2024-07-06 21:13:11,416 - httpx - INFO - HTTP Request: POST http://localhost:8001/upload/ "HTTP/1.1 200 OK"
2024-07-06 21:13:11,532 - httpx - INFO - HTTP Request: POST http://test/memes/ "HTTP/1.1 200 OK"
2024-07-06 21:13:27,346 - httpx - INFO - HTTP Request: POST http://localhost:8001/upload/ "HTTP/1.1 200 OK"
2024-07-06 21:13:27,477 - httpx - INFO - HTTP Request: POST http://test/memes/ "HTTP/1.1 200 OK"
2024-07-06 21:15:51,523 - httpx - INFO - HTTP Request: POST http://localhost:8001/upload/ "HTTP/1.1 200 OK"
2024-07-06 21:15:51,639 - httpx - INFO - HTTP Request: POST http://test/memes/ "HTTP/1.1 200 OK"
2024-07-06 21:17:39,569 - httpx - INFO - HTTP Request: POST http://localhost:8001/upload/ "HTTP/1.1 200 OK"
2024-07-06 21:17:39,704 - httpx - INFO - HTTP Request: POST http://test/memes/ "HTTP/1.1 200 OK"
2024-07-06 21:23:17,155 - httpx - INFO - HTTP Request: POST http://localhost:8001/upload/ "HTTP/1.1 200 OK"
2024-07-06 21:23:17,279 - httpx - INFO - HTTP Request: POST http://test/memes/ "HTTP/1.1 200 OK"
2024-07-06 21:23:46,137 - httpx - INFO - HTTP Request: POST http://localhost:8001/upload/ "HTTP/1.1 200 OK"
2024-07-06 21:23:46,255 - httpx - INFO - HTTP Request: POST http://test/memes/ "HTTP/1.1 200 OK"
2024-07-06 21:24:03,371 - httpx - INFO - HTTP Request: POST http://localhost:8001/upload/ "HTTP/1.1 200 OK"
2024-07-06 21:24:03,501 - httpx - INFO - HTTP Request: POST http://test/memes/ "HTTP/1.1 200 OK"
2024-07-06 21:24:55,541 - httpx - INFO - HTTP Request: POST http://localhost:8001/upload/ "HTTP/1.1 200 OK"
2024-07-06 21:24:55,658 - httpx - INFO - HTTP Request: POST http://test/memes/ "HTTP/1.1 200 OK"
2024-07-06 21:25:14,020 - httpx - INFO - HTTP Request: POST http://localhost:8001/upload/ "HTTP/1.1 200 OK"
2024-07-06 21:25:14,136 - httpx - INFO - HTTP Request: POST http://test/memes/ "HTTP/1.1 200 OK"
2024-07-06 21:25:33,869 - httpx - INFO - HTTP Request: POST http://localhost:8001/upload/ "HTTP/1.1 200 OK"
2024-07-06 21:25:33,984 - httpx - INFO - HTTP Request: POST http://test/memes/ "HTTP/1.1 200 OK"
2024-07-06 21:25:43,125 - httpx - INFO - HTTP Request: POST http://localhost:8001/upload/ "HTTP/1.1 200 OK"
2024-07-06 21:25:43,239 - httpx - INFO - HTTP Request: POST http://test/memes/ "HTTP/1.1 200 OK"
2024-07-06 21:26:03,528 - httpx - INFO - HTTP Request: POST http://localhost:8001/upload/ "HTTP/1.1 200 OK"
2024-07-06 21:26:03,644 - httpx - INFO - HTTP Request: POST http://test/memes/ "HTTP/1.1 200 OK"
2024-07-06 21:26:50,529 - httpx - INFO - HTTP Request: POST http://localhost:8001/upload/ "HTTP/1.1 200 OK"
2024-07-06 21:26:50,645 - httpx - INFO - HTTP Request: POST http://test/memes/ "HTTP/1.1 200 OK"
2024-07-06 21:26:59,576 - httpx - INFO - HTTP Request: POST http://localhost:8001/upload/ "HTTP/1.1 200 OK"
2024-07-06 21:26:59,692 - httpx - INFO - HTTP Request: POST http://test/memes/ "HTTP/1.1 200 OK"
2024-07-06 21:27:25,520 - httpx - INFO - HTTP Request: POST http://localhost:8001/upload/ "HTTP/1.1 200 OK"
2024-07-06 21:27:25,638 - httpx - INFO - HTTP Request: POST http://test/memes/ "HTTP/1.1 200 OK"
2024-07-06 21:28:04,859 - httpx - INFO - HTTP Request: POST http://localhost:8001/upload/ "HTTP/1.1 200 OK"
2024-07-06 21:28:04,984 - httpx - INFO - HTTP Request: POST http://test/memes/ "HTTP/1.1 200 OK"
2024-07-06 21:28:17,980 - httpx - INFO - HTTP Request: POST http://localhost:8001/upload/ "HTTP/1.1 200 OK"
2024-07-06 21:28:18,112 - httpx - INFO - HTTP Request: POST http://test/memes/ "HTTP/1.1 200 OK"
2024-07-06 21:29:20,575 - httpx - INFO - HTTP Request: POST http://localhost:8001/upload/ "HTTP/1.1 200 OK"
2024-07-06 21:29:20,692 - httpx - INFO - HTTP Request: POST http://test/memes/ "HTTP/1.1 200 OK"
2024-07-06 21:29:37,723 - httpx - INFO - HTTP Request: POST http://localhost:8001/upload/ "HTTP/1.1 200 OK"
2024-07-06 21:29:37,838 - httpx - INFO - HTTP Request: POST http://test/memes/ "HTTP/1.1 200 OK"
2024-07-06 21:29:49,580 - httpx - INFO - HTTP Request: POST http://localhost:8001/upload/ "HTTP/1.1 200 OK"
2024-07-06 21:29:49,694 - httpx - INFO - HTTP Request: POST http://test/memes/ "HTTP/1.1 200 OK"
2024-07-06 21:30:09,590 - httpx - INFO - HTTP Request: POST http://localhost:8001/upload/ "HTTP/1.1 200 OK"
2024-07-06 21:30:09,708 - httpx - INFO - HTTP Request: POST http://test/memes/ "HTTP/1.1 200 OK"
2024-07-06 21:30:35,830 - httpx - INFO - HTTP Request: POST http://localhost:8001/upload/ "HTTP/1.1 200 OK"
2024-07-06 21:30:35,943 - httpx - INFO - HTTP Request: POST http://test/memes/ "HTTP/1.1 200 OK"
2024-07-06 21:30:43,836 - httpx - INFO - HTTP Request: POST http://localhost:8001/upload/ "HTTP/1.1 200 OK"
2024-07-06 21:30:43,954 - httpx - INFO - HTTP Request: POST http://test/memes/ "HTTP/1.1 200 OK"
2024-07-06 21:32:27,122 - httpx - INFO - HTTP Request: POST http://localhost:8001/upload/ "HTTP/1.1 200 OK"
2024-07-06 21:32:27,238 - httpx - INFO - HTTP Request: POST http://test/memes/ "HTTP/1.1 200 OK"
2024-07-06 21:51:13,080 - httpx - INFO - HTTP Request: POST http://test/memes/ "HTTP/1.1 200 OK"
2024-07-06 21:52:11,228 - httpx - INFO - HTTP Request: POST http://test/memes/ "HTTP/1.1 200 OK"
2024-07-06 21:55:00,982 - httpx - INFO - HTTP Request: POST http://test/memes/ "HTTP/1.1 201 Created"
2024-07-06 21:55:01,032 - httpx - INFO - HTTP Request: GET http://test/memes/1 "HTTP/1.1 200 OK"
2024-07-06 21:55:32,280 - httpx - INFO - HTTP Request: POST http://test/memes/ "HTTP/1.1 201 Created"
2024-07-06 21:55:32,332 - httpx - INFO - HTTP Request: GET http://test/memes/1 "HTTP/1.1 200 OK"
2024-07-06 21:56:33,428 - httpx - INFO - HTTP Request: POST http://test/memes/ "HTTP/1.1 201 Created"
2024-07-06 21:56:33,480 - httpx - INFO - HTTP Request: GET http://test/memes/1 "HTTP/1.1 200 OK"
2024-07-06 21:59:29,630 - httpx - INFO - HTTP Request: POST http://test/memes/ "HTTP/1.1 201 Created"
2024-07-06 21:59:29,682 - httpx - INFO - HTTP Request: GET http://test/memes/1 "HTTP/1.1 200 OK"
2024-07-06 21:59:29,735 - httpx - INFO - HTTP Request: GET http://test/memes/?skip=0&limit=2 "HTTP/1.1 200 OK"
2024-07-06 21:59:45,990 - httpx - INFO - HTTP Request: POST http://test/memes/ "HTTP/1.1 201 Created"
2024-07-06 21:59:46,045 - httpx - INFO - HTTP Request: GET http://test/memes/1 "HTTP/1.1 200 OK"
2024-07-06 21:59:46,096 - httpx - INFO - HTTP Request: GET http://test/memes/?skip=0&limit=2 "HTTP/1.1 200 OK"
2024-07-06 22:05:02,694 - httpx - INFO - HTTP Request: POST http://test/memes/ "HTTP/1.1 201 Created"
2024-07-06 22:05:02,757 - httpx - INFO - HTTP Request: GET http://test/memes/1 "HTTP/1.1 200 OK"
2024-07-06 22:05:02,818 - httpx - INFO - HTTP Request: GET http://test/memes/?skip=0&limit=2 "HTTP/1.1 200 OK"
2024-07-06 22:05:03,557 - httpx - INFO - HTTP Request: DELETE http://localhost:8001/delete/uudi_test.png "HTTP/1.1 200 OK"
2024-07-06 22:05:03,572 - httpx - INFO - HTTP Request: DELETE http://test/memes/1 "HTTP/1.1 204 No Content"
2024-07-06 22:06:08,392 - httpx - INFO - HTTP Request: POST http://test/memes/ "HTTP/1.1 201 Created"
2024-07-06 22:06:08,445 - httpx - INFO - HTTP Request: GET http://test/memes/1 "HTTP/1.1 200 OK"
2024-07-06 22:06:08,499 - httpx - INFO - HTTP Request: GET http://test/memes/?skip=0&limit=2 "HTTP/1.1 200 OK"
2024-07-06 22:06:09,018 - httpx - INFO - HTTP Request: DELETE http://localhost:8001/delete/uudi_test.png "HTTP/1.1 200 OK"
2024-07-06 22:06:09,032 - httpx - INFO - HTTP Request: DELETE http://test/memes/1 "HTTP/1.1 204 No Content"
2024-07-06 22:07:21,564 - httpx - INFO - HTTP Request: POST http://test/memes/ "HTTP/1.1 201 Created"
2024-07-06 22:07:21,618 - httpx - INFO - HTTP Request: GET http://test/memes/1 "HTTP/1.1 200 OK"
2024-07-06 22:07:21,671 - httpx - INFO - HTTP Request: GET http://test/memes/?skip=0&limit=2 "HTTP/1.1 200 OK"
2024-07-06 22:07:22,169 - httpx - INFO - HTTP Request: DELETE http://localhost:8001/delete/uudi_test.png "HTTP/1.1 200 OK"
2024-07-06 22:07:22,184 - httpx - INFO - HTTP Request: DELETE http://test/memes/1 "HTTP/1.1 204 No Content"
2024-07-06 22:07:22,185 - httpx - INFO - HTTP Request: GET http://test/memes "HTTP/1.1 307 Temporary Redirect"
2024-07-06 22:08:08,569 - httpx - INFO - HTTP Request: POST http://test/memes/ "HTTP/1.1 201 Created"
2024-07-06 22:08:08,620 - httpx - INFO - HTTP Request: GET http://test/memes/1 "HTTP/1.1 200 OK"
2024-07-06 22:08:08,672 - httpx - INFO - HTTP Request: GET http://test/memes/?skip=0&limit=2 "HTTP/1.1 200 OK"
2024-07-06 22:08:09,024 - httpx - INFO - HTTP Request: DELETE http://localhost:8001/delete/uudi_test.png "HTTP/1.1 200 OK"
2024-07-06 22:08:09,039 - httpx - INFO - HTTP Request: DELETE http://test/memes/1 "HTTP/1.1 204 No Content"
2024-07-06 22:08:09,099 - httpx - INFO - HTTP Request: GET http://test/memes/?skip=0&limit=10 "HTTP/1.1 200 OK"
2024-07-06 22:08:23,855 - httpx - INFO - HTTP Request: POST http://test/memes/ "HTTP/1.1 201 Created"
2024-07-06 22:08:23,915 - httpx - INFO - HTTP Request: GET http://test/memes/1 "HTTP/1.1 200 OK"
2024-07-06 22:08:23,974 - httpx - INFO - HTTP Request: GET http://test/memes/?skip=0&limit=2 "HTTP/1.1 200 OK"
2024-07-06 22:08:24,416 - httpx - INFO - HTTP Request: DELETE http://localhost:8001/delete/uudi_test.png "HTTP/1.1 200 OK"
2024-07-06 22:08:24,430 - httpx - INFO - HTTP Request: DELETE http://test/memes/1 "HTTP/1.1 204 No Content"
2024-07-06 22:08:24,491 - httpx - INFO - HTTP Request: GET http://test/memes/?skip=0&limit=10 "HTTP/1.1 200 OK"
2024-07-06 22:08:45,558 - httpx - INFO - HTTP Request: POST http://test/memes/ "HTTP/1.1 201 Created"
2024-07-06 22:08:45,610 - httpx - INFO - HTTP Request: GET http://test/memes/1 "HTTP/1.1 200 OK"
2024-07-06 22:08:45,661 - httpx - INFO - HTTP Request: GET http://test/memes/?skip=0&limit=2 "HTTP/1.1 200 OK"
2024-07-06 22:08:46,028 - httpx - INFO - HTTP Request: DELETE http://localhost:8001/delete/uudi_test.png "HTTP/1.1 200 OK"
2024-07-06 22:08:46,042 - httpx - INFO - HTTP Request: DELETE http://test/memes/1 "HTTP/1.1 204 No Content"
2024-07-06 22:08:46,101 - httpx - INFO - HTTP Request: GET http://test/memes/?skip=0&limit=10 "HTTP/1.1 200 OK"
2024-07-06 22:10:06,333 - httpx - INFO - HTTP Request: POST http://test/memes/ "HTTP/1.1 201 Created"
2024-07-06 22:10:06,392 - httpx - INFO - HTTP Request: GET http://test/memes/1 "HTTP/1.1 200 OK"
2024-07-06 22:10:06,451 - httpx - INFO - HTTP Request: GET http://test/memes/?skip=0&limit=2 "HTTP/1.1 200 OK"
2024-07-06 22:10:07,009 - httpx - INFO - HTTP Request: DELETE http://localhost:8001/delete/uudi_test.png "HTTP/1.1 200 OK"
2024-07-06 22:10:07,025 - httpx - INFO - HTTP Request: DELETE http://test/memes/1 "HTTP/1.1 204 No Content"
2024-07-06 22:10:07,086 - httpx - INFO - HTTP Request: GET http://test/memes/?skip=0&limit=10 "HTTP/1.1 200 OK"
2024-07-06 22:10:17,360 - httpx - INFO - HTTP Request: POST http://test/memes/ "HTTP/1.1 201 Created"
2024-07-06 22:10:17,421 - httpx - INFO - HTTP Request: GET http://test/memes/1 "HTTP/1.1 200 OK"
2024-07-06 22:10:17,484 - httpx - INFO - HTTP Request: GET http://test/memes/?skip=0&limit=2 "HTTP/1.1 200 OK"
2024-07-06 22:10:18,617 - httpx - INFO - HTTP Request: DELETE http://localhost:8001/delete/uudi_test.png "HTTP/1.1 200 OK"
2024-07-06 22:10:18,638 - httpx - INFO - HTTP Request: DELETE http://test/memes/1 "HTTP/1.1 204 No Content"
2024-07-06 22:10:18,696 - httpx - INFO - HTTP Request: GET http://test/memes/?skip=0&limit=10 "HTTP/1.1 200 OK"
2024-07-06 22:10:27,344 - httpx - INFO - HTTP Request: POST http://test/memes/ "HTTP/1.1 201 Created"
2024-07-06 22:10:27,405 - httpx - INFO - HTTP Request: GET http://test/memes/1 "HTTP/1.1 200 OK"
2024-07-06 22:10:27,464 - httpx - INFO - HTTP Request: GET http://test/memes/?skip=0&limit=2 "HTTP/1.1 200 OK"
2024-07-06 22:10:27,946 - httpx - INFO - HTTP Request: DELETE http://localhost:8001/delete/uudi_test.png "HTTP/1.1 200 OK"
2024-07-06 22:10:27,961 - httpx - INFO - HTTP Request: DELETE http://test/memes/1 "HTTP/1.1 204 No Content"
2024-07-06 22:10:28,018 - httpx - INFO - HTTP Request: GET http://test/memes/?skip=0&limit=10 "HTTP/1.1 200 OK"
2024-07-06 22:11:02,019 - httpx - INFO - HTTP Request: POST http://test/memes/ "HTTP/1.1 201 Created"
2024-07-06 22:11:02,072 - httpx - INFO - HTTP Request: GET http://test/memes/1 "HTTP/1.1 200 OK"
2024-07-06 22:11:02,125 - httpx - INFO - HTTP Request: GET http://test/memes/?skip=0&limit=2 "HTTP/1.1 200 OK"
2024-07-06 22:11:02,492 - httpx - INFO - HTTP Request: DELETE http://localhost:8001/delete/uudi_test.png "HTTP/1.1 200 OK"
2024-07-06 22:11:02,508 - httpx - INFO - HTTP Request: DELETE http://test/memes/1 "HTTP/1.1 204 No Content"
2024-07-06 22:11:02,560 - httpx - INFO - HTTP Request: GET http://test/memes/?skip=0&limit=10 "HTTP/1.1 200 OK"
2024-07-06 22:12:33,490 - httpx - INFO - HTTP Request: POST http://test/memes/ "HTTP/1.1 201 Created"
2024-07-06 22:12:33,541 - httpx - INFO - HTTP Request: GET http://test/memes/1 "HTTP/1.1 200 OK"
2024-07-06 22:12:33,592 - httpx - INFO - HTTP Request: GET http://test/memes/?skip=0&limit=2 "HTTP/1.1 200 OK"
2024-07-06 22:12:33,665 - httpx - INFO - HTTP Request: DELETE http://test/memes/1 "HTTP/1.1 500 Internal Server Error"
2024-07-06 22:13:09,435 - httpx - INFO - HTTP Request: GET http://test/memes/1 "HTTP/1.1 404 Not Found"
2024-07-06 22:13:09,497 - httpx - INFO - HTTP Request: GET http://test/memes/?skip=0&limit=2 "HTTP/1.1 200 OK"
2024-07-06 22:13:09,561 - httpx - INFO - HTTP Request: DELETE http://test/memes/1 "HTTP/1.1 404 Not Found"
2024-07-06 22:15:47,965 - httpx - INFO - HTTP Request: POST http://test/memes/ "HTTP/1.1 201 Created"
2024-07-06 22:15:48,016 - httpx - INFO - HTTP Request: GET http://test/memes/1 "HTTP/1.1 200 OK"
2024-07-06 22:15:48,074 - httpx - INFO - HTTP Request: GET http://test/memes/?skip=0&limit=2 "HTTP/1.1 200 OK"
2024-07-06 22:15:48,135 - httpx - INFO - HTTP Request: DELETE http://test/memes/1 "HTTP/1.1 500 Internal Server Error"
2024-07-06 22:16:08,422 - httpx - INFO - HTTP Request: POST http://test/memes/ "HTTP/1.1 201 Created"
2024-07-06 22:16:08,481 - httpx - INFO - HTTP Request: GET http://test/memes/1 "HTTP/1.1 200 OK"
2024-07-06 22:16:08,539 - httpx - INFO - HTTP Request: GET http://test/memes/?skip=0&limit=2 "HTTP/1.1 200 OK"
2024-07-06 22:16:08,598 - httpx - INFO - HTTP Request: DELETE http://test/memes/1 "HTTP/1.1 500 Internal Server Error"
2024-07-06 22:16:42,604 - httpx - INFO - HTTP Request: POST http://test/memes/ "HTTP/1.1 201 Created"
2024-07-06 22:16:42,656 - httpx - INFO - HTTP Request: GET http://test/memes/1 "HTTP/1.1 200 OK"
2024-07-06 22:16:42,707 - httpx - INFO - HTTP Request: GET http://test/memes/?skip=0&limit=2 "HTTP/1.1 200 OK"
2024-07-06 22:16:42,761 - httpx - INFO - HTTP Request: DELETE http://test/memes/1 "HTTP/1.1 500 Internal Server Error"
2024-07-06 22:17:23,954 - httpx - INFO - HTTP Request: POST http://test/memes/ "HTTP/1.1 201 Created"
2024-07-06 22:17:24,003 - httpx - INFO - HTTP Request: GET http://test/memes/1 "HTTP/1.1 200 OK"
2024-07-06 22:17:24,053 - httpx - INFO - HTTP Request: GET http://test/memes/?skip=0&limit=2 "HTTP/1.1 200 OK"
2024-07-06 22:17:24,109 - httpx - INFO - HTTP Request: DELETE http://test/memes/1 "HTTP/1.1 204 No Content"
2024-07-06 22:17:24,158 - httpx - INFO - HTTP Request: GET http://test/memes/?skip=0&limit=10 "HTTP/1.1 200 OK"
2024-07-06 22:17:40,806 - httpx - INFO - HTTP Request: POST http://test/memes/ "HTTP/1.1 201 Created"
2024-07-06 22:17:40,864 - httpx - INFO - HTTP Request: GET http://test/memes/1 "HTTP/1.1 200 OK"
2024-07-06 22:17:40,924 - httpx - INFO - HTTP Request: GET http://test/memes/?skip=0&limit=2 "HTTP/1.1 200 OK"
2024-07-06 22:17:40,989 - httpx - INFO - HTTP Request: DELETE http://test/memes/1 "HTTP/1.1 204 No Content"
2024-07-06 22:17:41,044 - httpx - INFO - HTTP Request: GET http://test/memes/?skip=0&limit=10 "HTTP/1.1 200 OK"
2024-07-06 17:33:01,408 - httpx - INFO - HTTP Request: POST http://s3_service:8001/upload/ "HTTP/1.1 200 OK"
