2024-07-05 05:29:47,881 - root - INFO - started game.py deleted from bucket memehub-public-bucket
2024-07-05 05:32:42,513 - root - INFO - started пфgt deleted from bucket memehub-public-bucket for https://s3.storage.selcloud.ru
2024-07-05 05:38:09,438 - root - INFO - started 12321 deleted from bucket memehub-public-bucket for https://s3.storage.selcloud.ru
2024-07-05 06:00:21,568 - root - INFO - started пкуп deleted from bucket memehub-public-bucket for https://s3.storage.selcloud.ru
2024-07-05 06:01:37,992 - root - INFO - File /tmp/9eb5f640-e171-43e6-ac94-55845ad67b5a_ca.png uploaded to 9eb5f640-e171-43e6-ac94-55845ad67b5a_ca.png in bucket memehub-public-bucket
2024-07-05 06:02:10,631 - root - INFO - started 213 deleted from bucket memehub-public-bucket for https://s3.storage.selcloud.ru
2024-07-05 06:02:10,951 - root - INFO - File 213 deleted from bucket memehub-public-bucket
2024-07-05 06:04:13,008 - root - INFO - File /tmp/2ceeda4f-9b7f-4cdd-a6f6-6d095716a22b_Снимок экрана от 2024-07-04 22-11-31.png uploaded to 2ceeda4f-9b7f-4cdd-a6f6-6d095716a22b_Снимок экрана от 2024-07-04 22-11-31.png in bucket memehub-public-bucket
2024-07-05 06:05:45,482 - root - INFO - started 213 deleted from bucket memehub-public-bucket for https://s3.storage.selcloud.ru
2024-07-05 06:06:58,565 - root - INFO - started 213 deleted from bucket memehub-public-bucket for https://s3.storage.selcloud.ru
2024-07-05 06:09:10,952 - root - INFO - started 213 deleted from bucket memehub-public-bucket for https://s3.storage.selcloud.ru
2024-07-05 06:10:02,387 - root - INFO - started 213 deleted from bucket memehub-public-bucket for https://s3.storage.selcloud.ru
2024-07-05 06:10:03,322 - root - INFO - File 213 deleted from bucket memehub-public-bucket
2024-07-05 06:10:24,834 - root - INFO - started 213 deleted from bucket memehub-public-bucket for https://s3.storage.selcloud.ru
2024-07-05 06:12:11,201 - root - INFO - started 213 deleted from bucket memehub-public-bucket for https://s3.storage.selcloud.ru
2024-07-05 06:56:37,073 - root - INFO - started 213 deleted from bucket memehub-public-bucket for https://s3.storage.selcloud.ru
2024-07-05 06:56:37,481 - root - INFO - File 213 deleted from bucket memehub-public-bucket
2024-07-05 06:56:45,286 - root - INFO - started game.py deleted from bucket memehub-public-bucket for https://s3.storage.selcloud.ru
2024-07-05 06:56:45,548 - root - INFO - File game.py deleted from bucket memehub-public-bucket
2024-07-05 06:56:56,049 - root - INFO - File /tmp/9f5eb956-d6d0-4e35-bc60-f523ef19426b_game.py uploaded to 9f5eb956-d6d0-4e35-bc60-f523ef19426b_game.py in bucket memehub-public-bucket
2024-07-05 07:23:34,781 - root - INFO - File /tmp/32a6500b-e271-4873-8d7b-36c15d634a6b_Снимок экрана от 2024-07-04 22-11-31.png uploaded to 32a6500b-e271-4873-8d7b-36c15d634a6b_Снимок экрана от 2024-07-04 22-11-31.png in bucket memehub-public-bucket
